<?xml version="1.0" encoding="UTF-8"?>
<testsuite name="com.app.Ki_Data.KiDataApplicationTests" tests="1" skipped="0" failures="0" errors="0" timestamp="2026-03-02T22:24:26" hostname="DESKTOP-JFND7P3" time="2.155">
  <properties/>
  <testcase name="contextLoads()" classname="com.app.Ki_Data.KiDataApplicationTests" time="2.155"/>
  <system-out><![CDATA[23:23:59.896 [Test worker] INFO org.springframework.test.context.support.AnnotationConfigContextLoaderUtils -- Could not detect default configuration classes for test class [com.app.Ki_Data.KiDataApplicationTests]: KiDataApplicationTests does not declare any static, non-private, non-final, nested classes annotated with @Configuration.
23:24:00.332 [Test worker] INFO org.springframework.boot.test.context.SpringBootTestContextBootstrapper -- Found @SpringBootConfiguration com.app.Ki_Data.KiDataApplication for test class com.app.Ki_Data.KiDataApplicationTests
  .   ____          _            __ _ _
 /\\ / ___'_ __ _ _(_)_ __  __ _ \ \ \ \
( ( )\___ | '_ | '_| | '_ \/ _` | \ \ \ \
 \\/  ___)| |_)| | | | | || (_| |  ) ) ) )
  '  |____| .__|_| |_|_| |_\__, | / / / /
 =========|_|==============|___/=/_/_/_/

 :: Spring Boot ::                (v3.3.0)

2026-03-02T23:24:02.717+01:00  INFO 6196 --- [    Test worker] com.app.Ki_Data.KiDataApplicationTests   : Starting KiDataApplicationTests using Java 21.0.1 with PID 6196 (started by Utente in C:\Users\Utente\Desktop\KiData)
2026-03-02T23:24:02.728+01:00  INFO 6196 --- [    Test worker] com.app.Ki_Data.KiDataApplicationTests   : No active profile set, falling back to 1 default profile: "default"
2026-03-02T23:24:07.411+01:00  INFO 6196 --- [    Test worker] .s.d.r.c.RepositoryConfigurationDelegate : Bootstrapping Spring Data JPA repositories in DEFAULT mode.
2026-03-02T23:24:08.113+01:00  INFO 6196 --- [    Test worker] .s.d.r.c.RepositoryConfigurationDelegate : Finished Spring Data repository scanning in 665 ms. Found 2 JPA repository interfaces.
2026-03-02T23:24:10.392+01:00  INFO 6196 --- [    Test worker] o.hibernate.jpa.internal.util.LogHelper  : HHH000204: Processing PersistenceUnitInfo [name: default]
2026-03-02T23:24:10.642+01:00  INFO 6196 --- [    Test worker] org.hibernate.Version                    : HHH000412: Hibernate ORM core version 6.5.2.Final
2026-03-02T23:24:10.761+01:00  INFO 6196 --- [    Test worker] o.h.c.internal.RegionFactoryInitiator    : HHH000026: Second-level cache disabled
2026-03-02T23:24:11.593+01:00  INFO 6196 --- [    Test worker] o.s.o.j.p.SpringPersistenceUnitInfo      : No LoadTimeWeaver setup: ignoring JPA class transformer
2026-03-02T23:24:11.666+01:00  INFO 6196 --- [    Test worker] com.zaxxer.hikari.HikariDataSource       : HikariPool-1 - Starting...
2026-03-02T23:24:12.247+01:00  INFO 6196 --- [    Test worker] com.zaxxer.hikari.pool.HikariPool        : HikariPool-1 - Added connection org.postgresql.jdbc.PgConnection@608c2042
2026-03-02T23:24:12.257+01:00  INFO 6196 --- [    Test worker] com.zaxxer.hikari.HikariDataSource       : HikariPool-1 - Start completed.
2026-03-02T23:24:12.445+01:00  WARN 6196 --- [    Test worker] org.hibernate.orm.deprecation            : HHH90000025: PostgreSQLDialect does not need to be specified explicitly using 'hibernate.dialect' (remove the property setting and it will be selected by default)
2026-03-02T23:24:15.698+01:00  INFO 6196 --- [    Test worker] o.h.e.t.j.p.i.JtaPlatformInitiator       : HHH000489: No JTA platform available (set 'hibernate.transaction.jta.platform' to enable JTA platform integration)
2026-03-02T23:24:15.929+01:00  INFO 6196 --- [    Test worker] j.LocalContainerEntityManagerFactoryBean : Initialized JPA EntityManagerFactory for persistence unit 'default'
2026-03-02T23:24:20.411+01:00  INFO 6196 --- [    Test worker] eAuthenticationProviderManagerConfigurer : Global AuthenticationManager configured with AuthenticationProvider bean with name authenticationProvider
2026-03-02T23:24:20.412+01:00  WARN 6196 --- [    Test worker] r$InitializeUserDetailsManagerConfigurer : Global AuthenticationManager configured with an AuthenticationProvider bean. UserDetailsService beans will not be used for username/password login. Consider removing the AuthenticationProvider bean. Alternatively, consider using the UserDetailsService in a manually instantiated DaoAuthenticationProvider.
2026-03-02T23:24:20.814+01:00  WARN 6196 --- [    Test worker] JpaBaseConfiguration$JpaWebConfiguration : spring.jpa.open-in-view is enabled by default. Therefore, database queries may be performed during view rendering. Explicitly configure spring.jpa.open-in-view to disable this warning
2026-03-02T23:24:22.094+01:00  INFO 6196 --- [    Test worker] o.s.s.web.DefaultSecurityFilterChain     : Will secure any request with [org.springframework.security.web.session.DisableEncodeUrlFilter@2bf5f4, org.springframework.security.web.context.request.async.WebAsyncManagerIntegrationFilter@1a5e19fe, org.springframework.security.web.context.SecurityContextHolderFilter@5a1c0bcc, org.springframework.security.web.header.HeaderWriterFilter@2cf7ada5, org.springframework.web.filter.CorsFilter@3e7ac200, org.springframework.security.web.authentication.logout.LogoutFilter@298eca94, com.app.Ki_Data.security.jwtConfig.JwtAuthenticationFilter@7a62e096, org.springframework.security.web.savedrequest.RequestCacheAwareFilter@2799f9a, org.springframework.security.web.servletapi.SecurityContextHolderAwareRequestFilter@78ae9b9c, org.springframework.security.web.authentication.AnonymousAuthenticationFilter@222b4ab1, org.springframework.security.web.session.SessionManagementFilter@1bb1c6dd, org.springframework.security.web.access.ExceptionTranslationFilter@5858054c, org.springframework.security.web.access.intercept.AuthorizationFilter@573e38c]
2026-03-02T23:24:26.108+01:00  INFO 6196 --- [    Test worker] com.app.Ki_Data.KiDataApplicationTests   : Started KiDataApplicationTests in 24.813 seconds (process running for 29.892)
]]></system-out>
  <system-err><![CDATA[WARNING: A Java agent has been loaded dynamically (C:\Users\Utente\.gradle\caches\modules-2\files-2.1\net.bytebuddy\byte-buddy-agent\1.14.16\4a451ee6484abac3a498df0f3b33ed00a6fced4d\byte-buddy-agent-1.14.16.jar)
WARNING: If a serviceability tool is in use, please run with -XX:+EnableDynamicAgentLoading to hide this warning
WARNING: If a serviceability tool is not in use, please run with -Djdk.instrument.traceUsage for more information
WARNING: Dynamic loading of agents will be disallowed by default in a future release
]]></system-err>
</testsuite>
